<?xml version="1.0" encoding="UTF-8"?>
<!-- Generated by org.testng.reporters.JUnitReportReporter -->
<testsuite hostname="Adithya-PC" failures="0" tests="3" name="tests.AutomationFlow" time="178.603" errors="0" timestamp="2023-12-06T18:17:54 IST" skipped="0">
  <testcase classname="tests.AutomationFlow" name="tc1" time="27.503"/>
  <testcase classname="tests.AutomationFlow" name="tc2" time="138.192"/>
  <testcase classname="tests.AutomationFlow" name="tc4" time="12.908"/>
</testsuite> <!-- tests.AutomationFlow -->
