<?xml version="1.0" encoding="UTF-8"?>
<!-- Generated by org.testng.reporters.JUnitReportReporter -->
<testsuite hostname="Adithya-PC" failures="0" tests="1" name="tests.AdminFlow" time="7.830" errors="0" timestamp="2023-12-06T12:30:16 IST" skipped="0">
  <testcase classname="tests.AdminFlow" name="adminmenuflow" time="7.830"/>
</testsuite> <!-- tests.AdminFlow -->
